<?xml version="1.0" encoding="UTF-8"?>
<!-- Generated by org.testng.reporters.JUnitReportReporter -->
<testsuite skipped="0" hostname="HY16-1800058627" name="co.Properties" tests="1" failures="0" timestamp="03 Aug 2018 18:30:20 GMT" time="0.022" errors="0">
  <testcase name="readfile" time="0.022" classname="co.Properties"/>
</testsuite> <!-- co.Properties -->
