<?xml version="1.0" encoding="UTF-8"?>
<!-- Generated by org.testng.reporters.JUnitReportReporter -->
<testsuite skipped="0" hostname="HY16-1800058627" name="AmazonTest.Ads.Alexa" tests="1" failures="0" timestamp="14 Aug 2018 15:58:08 GMT" time="13.687" errors="0">
  <testcase name="testAlexa" time="13.687" classname="AmazonTest.Ads.Alexa"/>
</testsuite> <!-- AmazonTest.Ads.Alexa -->
