<?xml version="1.0" encoding="UTF-8"?>
<!-- Generated by org.testng.reporters.JUnitReportReporter -->
<testsuite skipped="0" hostname="HY16-1800058627" name="AmazonTest.Ads.DDT" tests="2" failures="0" timestamp="27 Jul 2018 08:42:43 GMT" time="26.453" errors="0">
  <testcase name="LoginToOrangeHrm" time="13.452" classname="AmazonTest.Ads.DDT"/>
  <testcase name="LoginToOrangeHrm" time="13.001" classname="AmazonTest.Ads.DDT"/>
</testsuite> <!-- AmazonTest.Ads.DDT -->
